CRITICAL - 2023-08-09 17:02:19 --> Undefined variable $password
in APPPATH\Controllers\Home.php on line 35.
 1 APPPATH\Controllers\Home.php(35): CodeIgniter\Debug\Exceptions->errorHandler(2, 'Undefined variable $password', 'C:\\xampp\\htdocs\\pagu\\app\\Controllers\\Home.php', 35)
 2 SYSTEMPATH\CodeIgniter.php(932): App\Controllers\Home->cek()
 3 SYSTEMPATH\CodeIgniter.php(497): CodeIgniter\CodeIgniter->runController(Object(App\Controllers\Home))
 4 SYSTEMPATH\CodeIgniter.php(366): CodeIgniter\CodeIgniter->handleRequest(null, Object(Config\Cache), false)
 5 FCPATH\index.php(67): CodeIgniter\CodeIgniter->run()
CRITICAL - 2023-08-09 17:35:13 --> Allowed fields must be specified for model: "App\Models\UserModel"
in SYSTEMPATH\BaseModel.php on line 1242.
 1 SYSTEMPATH\BaseModel.php(1242): CodeIgniter\Database\Exceptions\DataException::forInvalidAllowedFields('App\\Models\\UserModel')
 2 SYSTEMPATH\BaseModel.php(757): CodeIgniter\BaseModel->doProtectFields([...])
 3 SYSTEMPATH\Model.php(730): CodeIgniter\BaseModel->insert([...], true)
 4 APPPATH\Controllers\Home.php(67): CodeIgniter\Model->insert([...])
 5 SYSTEMPATH\CodeIgniter.php(932): App\Controllers\Home->registerSubmit()
 6 SYSTEMPATH\CodeIgniter.php(497): CodeIgniter\CodeIgniter->runController(Object(App\Controllers\Home))
 7 SYSTEMPATH\CodeIgniter.php(366): CodeIgniter\CodeIgniter->handleRequest(null, Object(Config\Cache), false)
 8 FCPATH\index.php(67): CodeIgniter\CodeIgniter->run()
ERROR - 2023-08-09 18:52:13 --> mysqli_sql_exception: Duplicate entry '0' for key 'PRIMARY' in C:\xampp\htdocs\pagu\system\Database\MySQLi\Connection.php:295
Stack trace:
#0 C:\xampp\htdocs\pagu\system\Database\MySQLi\Connection.php(295): mysqli->query('INSERT INTO `us...', 0)
#1 C:\xampp\htdocs\pagu\system\Database\BaseConnection.php(692): CodeIgniter\Database\MySQLi\Connection->execute('INSERT INTO `us...')
#2 C:\xampp\htdocs\pagu\system\Database\BaseConnection.php(606): CodeIgniter\Database\BaseConnection->simpleQuery('INSERT INTO `us...')
#3 C:\xampp\htdocs\pagu\system\Database\BaseBuilder.php(2309): CodeIgniter\Database\BaseConnection->query('INSERT INTO `us...', Array, false)
#4 C:\xampp\htdocs\pagu\system\Model.php(330): CodeIgniter\Database\BaseBuilder->insert()
#5 C:\xampp\htdocs\pagu\system\BaseModel.php(782): CodeIgniter\Model->doInsert(Array)
#6 C:\xampp\htdocs\pagu\system\Model.php(730): CodeIgniter\BaseModel->insert(Array, true)
#7 C:\xampp\htdocs\pagu\app\Controllers\Home.php(67): CodeIgniter\Model->insert(Array)
#8 C:\xampp\htdocs\pagu\system\CodeIgniter.php(932): App\Controllers\Home->registerSubmit()
#9 C:\xampp\htdocs\pagu\system\CodeIgniter.php(497): CodeIgniter\CodeIgniter->runController(Object(App\Controllers\Home))
#10 C:\xampp\htdocs\pagu\system\CodeIgniter.php(366): CodeIgniter\CodeIgniter->handleRequest(NULL, Object(Config\Cache), false)
#11 C:\xampp\htdocs\pagu\public\index.php(67): CodeIgniter\CodeIgniter->run()
#12 {main}
CRITICAL - 2023-08-09 18:52:13 --> Duplicate entry '0' for key 'PRIMARY'
in SYSTEMPATH\Database\MySQLi\Connection.php on line 295.
 1 SYSTEMPATH\Database\MySQLi\Connection.php(295): mysqli->query('INSERT INTO `users` (`nama`, `email`, `password`) VALUES (\'Rakev Tionardi\', \'kadeskalian@gmail.com\', \'$2y$10$INoEF2S7a63tvSs.EXLncu/DxC15vkcEEvZGaOv0efSv6d3VsMzGu\')', 0)
 2 SYSTEMPATH\Database\BaseConnection.php(692): CodeIgniter\Database\MySQLi\Connection->execute('INSERT INTO `users` (`nama`, `email`, `password`) VALUES (\'Rakev Tionardi\', \'kadeskalian@gmail.com\', \'$2y$10$INoEF2S7a63tvSs.EXLncu/DxC15vkcEEvZGaOv0efSv6d3VsMzGu\')')
 3 SYSTEMPATH\Database\BaseConnection.php(606): CodeIgniter\Database\BaseConnection->simpleQuery('INSERT INTO `users` (`nama`, `email`, `password`) VALUES (\'Rakev Tionardi\', \'kadeskalian@gmail.com\', \'$2y$10$INoEF2S7a63tvSs.EXLncu/DxC15vkcEEvZGaOv0efSv6d3VsMzGu\')')
 4 SYSTEMPATH\Database\BaseBuilder.php(2309): CodeIgniter\Database\BaseConnection->query('INSERT INTO `users` (`nama`, `email`, `password`) VALUES (:nama:, :email:, :password:)', [...], false)
 5 SYSTEMPATH\Model.php(330): CodeIgniter\Database\BaseBuilder->insert()
 6 SYSTEMPATH\BaseModel.php(782): CodeIgniter\Model->doInsert([...])
 7 SYSTEMPATH\Model.php(730): CodeIgniter\BaseModel->insert([...], true)
 8 APPPATH\Controllers\Home.php(67): CodeIgniter\Model->insert([...])
 9 SYSTEMPATH\CodeIgniter.php(932): App\Controllers\Home->registerSubmit()
10 SYSTEMPATH\CodeIgniter.php(497): CodeIgniter\CodeIgniter->runController(Object(App\Controllers\Home))
11 SYSTEMPATH\CodeIgniter.php(366): CodeIgniter\CodeIgniter->handleRequest(null, Object(Config\Cache), false)
12 FCPATH\index.php(67): CodeIgniter\CodeIgniter->run()
